C:\Users\norma\Desktop\StockLab3.0-main-main\Logica\AsignaturaService.cs
GuardarAsignatura 2
GuardarAsignatura -1
ConsultarAsignaturas 2
ConsultarAsignaturas -1

C:\Users\norma\Desktop\StockLab3.0-main-main\Logica\InsumoService.cs
GuardarInsumo 2
GuardarInsumo -1
ActualizarCantidadInsumo 2
ActualizarCantidadInsumo -1
ConsultarInsumos 2
ConsultarInsumos -1
BuscarInsumo 2
BuscarInsumo -1

C:\Users\norma\Desktop\StockLab3.0-main-main\Logica\LoginService.cs
ValidarUsuario 2
ValidarUsuario -1

C:\Users\norma\Desktop\StockLab3.0-main-main\Logica\PeriodoAcademicoService.cs
GuardarPeriodo 2
GuardarPeriodo -1

C:\Users\norma\Desktop\StockLab3.0-main-main\Logica\PersonaService.cs
GuardarPersona 2
GuardarPersona -1
BuscarPersona 2
BuscarPersona -1
ConsultarMonitores 2
ConsultarMonitores -1

C:\Users\norma\Desktop\StockLab3.0-main-main\Logica\SolicitudService.cs
GuardarSolicitud 2
GuardarSolicitud -1
ConsultarSolicitudes 2
ConsultarSolicitudes -1
BuscarSolicitud 3
BuscarSolicitud -1
ActualizarEstado 1
ActualizarEstado -1
AprobarSolicitud 1
AprobarSolicitud -1

C:\Users\norma\Desktop\StockLab3.0-main-main\Logica\obj\Debug\netstandard2.0\.NETStandard,Version=v2.0.AssemblyAttributes.cs

C:\Users\norma\Desktop\StockLab3.0-main-main\Logica\obj\Debug\netstandard2.0\Logica.AssemblyInfo.cs

