C:\Users\norma\Desktop\StockLab3.0-main-main\StockLabWeb\Config\AppSetting.cs

C:\Users\norma\Desktop\StockLab3.0-main-main\StockLabWeb\Config\AuthOperationFilter.cs
Apply 2
Apply -1

C:\Users\norma\Desktop\StockLab3.0-main-main\StockLabWeb\Controllers\AprobarSolicitudController.cs
Put 2
Put -1

C:\Users\norma\Desktop\StockLab3.0-main-main\StockLabWeb\Controllers\AsignaturasController.cs
Post 5
Post -1
Get 2
Get -1
MapearAsignatura 3
MapearAsignatura -1

C:\Users\norma\Desktop\StockLab3.0-main-main\StockLabWeb\Controllers\InsumoController.cs
Post 3
Post -1
Get 3
Get -1
Get 3
Get -1
Put 5
Put -1
MapearInsumo 3
MapearInsumo -1

C:\Users\norma\Desktop\StockLab3.0-main-main\StockLabWeb\Controllers\LoginController.cs
Login 3
Login -1

C:\Users\norma\Desktop\StockLab3.0-main-main\StockLabWeb\Controllers\PeriodoAcademicoController.cs
Post 12
Post -1
MapearPeriodo 3
MapearPeriodo -1

C:\Users\norma\Desktop\StockLab3.0-main-main\StockLabWeb\Controllers\PersonaController.cs
Post 7
Post -1
Gets 2
Gets -1
Get 5
Get -1
MapearPersona 5
MapearPersona -1

C:\Users\norma\Desktop\StockLab3.0-main-main\StockLabWeb\Controllers\SolicitudController.cs
Post 2
Post -1
Gets 2
Gets -1
Get 4
Get -1
Put 2
Put -1
MapearSolicitud 3
MapearSolicitud -1

C:\Users\norma\Desktop\StockLab3.0-main-main\StockLabWeb\Controllers\WeatherForecastController.cs
Get 2
Get -1

C:\Users\norma\Desktop\StockLab3.0-main-main\StockLabWeb\Hubs\SignalHub.cs

C:\Users\norma\Desktop\StockLab3.0-main-main\StockLabWeb\Models\AsignaturaModel.cs

C:\Users\norma\Desktop\StockLab3.0-main-main\StockLabWeb\Models\InsumoModel.cs

C:\Users\norma\Desktop\StockLab3.0-main-main\StockLabWeb\Models\PeriodoAcademicoModel.cs

C:\Users\norma\Desktop\StockLab3.0-main-main\StockLabWeb\Models\PersonaModel.cs

C:\Users\norma\Desktop\StockLab3.0-main-main\StockLabWeb\Models\SolicitudModels.cs

C:\Users\norma\Desktop\StockLab3.0-main-main\StockLabWeb\Models\UsuarioModel.cs

C:\Users\norma\Desktop\StockLab3.0-main-main\StockLabWeb\Pages\Error.cshtml.cs
OnGet 5
OnGet -1

C:\Users\norma\Desktop\StockLab3.0-main-main\StockLabWeb\Program.cs
Main 10
Main -1
CreateHostBuilder 2
CreateHostBuilder -1

C:\Users\norma\Desktop\StockLab3.0-main-main\StockLabWeb\Servicios\ServiciosJwt.cs
GenerarToken 5
GenerarToken -1

C:\Users\norma\Desktop\StockLab3.0-main-main\StockLabWeb\Startup.cs
ConfigureServices 3
ConfigureServices -1
Configure 3
Configure -1

C:\Users\norma\Desktop\StockLab3.0-main-main\StockLabWeb\WeatherForecast.cs

C:\Users\norma\Desktop\StockLab3.0-main-main\StockLabWeb\obj\Debug\netcoreapp3.1\.NETCoreApp,Version=v3.1.AssemblyAttributes.cs

C:\Users\norma\Desktop\StockLab3.0-main-main\StockLabWeb\obj\Debug\netcoreapp3.1\StockLabWeb.AssemblyInfo.cs

C:\Users\norma\Desktop\StockLab3.0-main-main\StockLabWeb\obj\Debug\netcoreapp3.1\StockLabWeb.MvcApplicationPartsAssemblyInfo.cs

C:\Users\norma\Desktop\StockLab3.0-main-main\StockLabWeb\obj\Debug\netcoreapp3.1\StockLabWeb.RazorAssemblyInfo.cs

C:\Users\norma\Desktop\StockLab3.0-main-main\StockLabWeb\obj\Debug\netcoreapp3.1\Razor\Pages\Error.cshtml.g.cs
ExecuteAsync 2
ExecuteAsync -1

C:\Users\norma\Desktop\StockLab3.0-main-main\StockLabWeb\obj\Debug\netcoreapp3.1\Razor\Pages\_ViewImports.cshtml.g.cs
ExecuteAsync 2
ExecuteAsync -1

C:\Users\norma\Desktop\StockLab3.0-main-main\StockLabWeb\obj\Debug\netcoreapp3.1\StockLabWeb.RazorTargetAssemblyInfo.cs

